[debug] [2024-05-22T11:31:29.615Z] ----------------------------------------------------------------------
[debug] [2024-05-22T11:31:29.617Z] Command:       C:\Program Files\nodejs\node.exe C:\Users\Natanael Feješ\AppData\Roaming\npm\node_modules\firebase-tools\lib\bin\firebase.js init hosting
[debug] [2024-05-22T11:31:29.617Z] CLI Version:   13.8.3
[debug] [2024-05-22T11:31:29.618Z] Platform:      win32
[debug] [2024-05-22T11:31:29.618Z] Node Version:  v18.18.0
[debug] [2024-05-22T11:31:29.619Z] Time:          Wed May 22 2024 13:31:29 GMT+0200 (stredoeurópsky letný čas)
[debug] [2024-05-22T11:31:29.619Z] ----------------------------------------------------------------------
[debug] 
[debug] [2024-05-22T11:31:29.622Z] >>> [apiv2][query] GET https://firebase-public.firebaseio.com/cli.json [none]
[debug] [2024-05-22T11:31:29.716Z] > command requires scopes: ["email","openid","https://www.googleapis.com/auth/cloudplatformprojects.readonly","https://www.googleapis.com/auth/firebase","https://www.googleapis.com/auth/cloud-platform"]
[debug] [2024-05-22T11:31:29.716Z] > authorizing via signed-in user (fejesnatanael1@gmail.com)
[info] 
     ######## #### ########  ######## ########     ###     ######  ########
     ##        ##  ##     ## ##       ##     ##  ##   ##  ##       ##
     ######    ##  ########  ######   ########  #########  ######  ######
     ##        ##  ##    ##  ##       ##     ## ##     ##       ## ##
     ##       #### ##     ## ######## ########  ##     ##  ######  ########

You're about to initialize a Firebase project in this directory:

  C:\Users\Natanael Feješ\Documents\GitHub\Rhein-Ruhr-Hotel

Before we get started, keep in mind:

  * You are initializing within an existing Firebase project directory

[debug] [2024-05-22T11:31:30.028Z] <<< [apiv2][status] GET https://firebase-public.firebaseio.com/cli.json 200
[debug] [2024-05-22T11:31:30.028Z] <<< [apiv2][body] GET https://firebase-public.firebaseio.com/cli.json {"cloudBuildErrorAfter":1594252800000,"cloudBuildWarnAfter":1590019200000,"defaultNode10After":1594252800000,"minVersion":"3.0.5","node8DeploysDisabledAfter":1613390400000,"node8RuntimeDisabledAfter":1615809600000,"node8WarnAfter":1600128000000}
