[debug] [2024-05-21T11:53:09.117Z] ----------------------------------------------------------------------
[debug] [2024-05-21T11:53:09.119Z] Command:       /usr/local/bin/node /usr/local/bin/firebase init hosting
[debug] [2024-05-21T11:53:09.120Z] CLI Version:   13.8.3
[debug] [2024-05-21T11:53:09.120Z] Platform:      linux
[debug] [2024-05-21T11:53:09.120Z] Node Version:  v20.13.1
[debug] [2024-05-21T11:53:09.120Z] Time:          Tue May 21 2024 13:53:09 GMT+0200 (Central European Summer Time)
[debug] [2024-05-21T11:53:09.121Z] ----------------------------------------------------------------------
[debug] 
[debug] [2024-05-21T11:53:09.125Z] > command requires scopes: ["email","openid","https://www.googleapis.com/auth/cloudplatformprojects.readonly","https://www.googleapis.com/auth/firebase","https://www.googleapis.com/auth/cloud-platform"]
[debug] [2024-05-21T11:53:09.126Z] > authorizing via signed-in user (dominiknetri@gmail.com)
[info] 
     ######## #### ########  ######## ########     ###     ######  ########
     ##        ##  ##     ## ##       ##     ##  ##   ##  ##       ##
     ######    ##  ########  ######   ########  #########  ######  ######
     ##        ##  ##    ##  ##       ##     ## ##     ##       ## ##
     ##       #### ##     ## ######## ########  ##     ##  ######  ########

You're about to initialize a Firebase project in this directory:

  /home/domnet/projects/Rhein-Ruhr-Hotel/src

[info] 
=== Project Setup
[info] 
[info] First, let's associate this project directory with a Firebase project.
[info] You can create multiple project aliases by running firebase use --add, 
[info] but for now we'll just set up a default project.
[info] 
[debug] [2024-05-21T11:53:34.345Z] >>> [apiv2][query] GET https://firebase.googleapis.com/v1beta1/projects pageSize=100
